Using pre-set license
Built from '2021.1/staging' branch; Version is '2021.1.7f1 (d91830b65d9b) revision 14227504'; Using compiler version '192528614'; Build Type 'Release'
OS: 'Windows 10 Pro for Workstations; OS build 19044.1706; Version 2009; 64bit' Language: 'pt' Physical Memory: 8139 MB
BatchMode: 1, IsHumanControllingUs: 0, StartBugReporterOnCrash: 0, Is64bit: 1, IsPro: 0

 COMMAND LINE ARGUMENTS:
D:\Unity\Unity\Hub\Editor\2021.1.7f1\Editor\Unity.exe
-adb2
-batchMode
-noUpm
-name
AssetImportWorker0
-projectPath
D:/GitHubProjects/eopiagrvai
-logFile
Logs/AssetImportWorker0.log
-srvPort
57107
Successfully changed project path to: D:/GitHubProjects/eopiagrvai
D:/GitHubProjects/eopiagrvai
Using Asset Import Pipeline V2.
Refreshing native plugins compatible for Editor in 156.11 ms, found 1 plugins.
Preloading 0 native plugins for Editor in 0.00 ms.
Initialize engine version: 2021.1.7f1 (d91830b65d9b)
[Subsystems] Discovering subsystems at path D:/Unity/Unity/Hub/Editor/2021.1.7f1/Editor/Data/Resources/UnitySubsystems
[Subsystems] Discovering subsystems at path D:/GitHubProjects/eopiagrvai/Assets
GfxDevice: creating device client; threaded=0; jobified=0
Direct3D:
    Version:  Direct3D 11.0 [level 11.1]
    Renderer: NVIDIA GeForce GTX 1060 6GB (ID=0x1c03)
    Vendor:   NVIDIA
    VRAM:     6052 MB
    Driver:   27.21.14.5671
Shader 'Universal Render Pipeline/Particles/Lit': fallback shader 'Universal Render Pipeline/Particles/SimpleLit' not found
Initialize mono
Mono path[0] = 'D:/Unity/Unity/Hub/Editor/2021.1.7f1/Editor/Data/Managed'
Mono path[1] = 'D:/Unity/Unity/Hub/Editor/2021.1.7f1/Editor/Data/MonoBleedingEdge/lib/mono/unityjit'
Mono config path = 'D:/Unity/Unity/Hub/Editor/2021.1.7f1/Editor/Data/MonoBleedingEdge/etc'
Using monoOptions --debugger-agent=transport=dt_socket,embedding=1,server=y,suspend=n,address=127.0.0.1:56820
Begin MonoManager ReloadAssembly
Registering precompiled unity dll's ...
Register platform support module: D:/Unity/Unity/Hub/Editor/2021.1.7f1/Editor/Data/PlaybackEngines/WindowsStandaloneSupport/UnityEditor.WindowsStandalone.Extensions.dll
Registered in 0.001283 seconds.
Native extension for WindowsStandalone target not found
Refreshing native plugins compatible for Editor in 148.10 ms, found 1 plugins.
Preloading 0 native plugins for Editor in 0.00 ms.
Mono: successfully reloaded assembly
- Completed reload, in  3.216 seconds
Platform modules already initialized, skipping
Registering precompiled user dll's ...
Registered in 0.003970 seconds.
Begin MonoManager ReloadAssembly
Symbol file LoadedFromMemory doesn't match image D:\GitHubProjects\eopiagrvai\Library\PackageCache\com.unity.visualscripting@1.6.1\Editor\VisualScripting.Core\Dependencies\YamlDotNet\Unity.VisualScripting.YamlDotNet.dll
Symbol file LoadedFromMemory doesn't match image D:\GitHubProjects\eopiagrvai\Library\PackageCache\com.unity.visualscripting@1.6.1\Editor\VisualScripting.Core\Dependencies\DotNetZip\Unity.VisualScripting.IonicZip.dll
Native extension for WindowsStandalone target not found
Refreshing native plugins compatible for Editor in 158.17 ms, found 1 plugins.
Preloading 0 native plugins for Editor in 0.00 ms.
Mono: successfully reloaded assembly
- Completed reload, in  1.355 seconds
Platform modules already initialized, skipping
========================================================================
Worker process is ready to serve import requests
Shader 'Universal Render Pipeline/Particles/Lit': fallback shader 'Universal Render Pipeline/Particles/SimpleLit' not found
Launched and connected shader compiler UnityShaderCompiler.exe after 0.05 seconds
Refreshing native plugins compatible for Editor in 1.12 ms, found 1 plugins.
Preloading 0 native plugins for Editor in 0.00 ms.
Unloading 3757 Unused Serialized files (Serialized files now loaded: 0)
System memory in use before: 158.0 MB.
System memory in use after: 158.2 MB.

Unloading 17 unused Assets to reduce memory usage. Loaded Objects now: 4209.
Total: 2.721000 ms (FindLiveObjects: 0.314500 ms CreateObjectMapping: 0.217700 ms MarkObjects: 2.087700 ms  DeleteObjects: 0.100300 ms)

========================================================================
Received Import Request.
  path: Assets/Scripts
  artifactKey: Guid(fb8764777f413a042a4d917d7d915118) Importer(815301076,1909f56bfc062723c751e8b465ee728b)
Start importing Assets/Scripts using Guid(fb8764777f413a042a4d917d7d915118) Importer(815301076,1909f56bfc062723c751e8b465ee728b)  -> (artifact id: 'ea7551a14565a3d7b02d3667158fc0ab') in 0.009310 seconds 
========================================================================
Received Import Request.
  Time since last request: 4.895770 seconds.
  path: Assets/Scripts/NodeGraphs
  artifactKey: Guid(19483b43d6da1c742a6b3b1bc640e9f7) Importer(815301076,1909f56bfc062723c751e8b465ee728b)
Start importing Assets/Scripts/NodeGraphs using Guid(19483b43d6da1c742a6b3b1bc640e9f7) Importer(815301076,1909f56bfc062723c751e8b465ee728b)  -> (artifact id: 'c5ad39671127659703ea78a99d81776d') in 0.009056 seconds 
========================================================================
Received Import Request.
  Time since last request: 4.998109 seconds.
  path: Assets/Scripts/NodeGraph
  artifactKey: Guid(19483b43d6da1c742a6b3b1bc640e9f7) Importer(815301076,1909f56bfc062723c751e8b465ee728b)
Start importing Assets/Scripts/NodeGraph using Guid(19483b43d6da1c742a6b3b1bc640e9f7) Importer(815301076,1909f56bfc062723c751e8b465ee728b)  -> (artifact id: '6c3aa3739269e7788401236bdb97fd9e') in 0.008126 seconds 
========================================================================
Received Import Request.
  Time since last request: 5.308478 seconds.
  path: Assets/Scripts/NodeGraph/Editor
  artifactKey: Guid(fc2cdc49aeaa59d4fb26ea2817b5bdff) Importer(815301076,1909f56bfc062723c751e8b465ee728b)
Start importing Assets/Scripts/NodeGraph/Editor using Guid(fc2cdc49aeaa59d4fb26ea2817b5bdff) Importer(815301076,1909f56bfc062723c751e8b465ee728b)  -> (artifact id: 'b0b3123ca02443d7ecf4f9f579c21ab0') in 0.008305 seconds 
========================================================================
Received Import Request.
  Time since last request: 19.128812 seconds.
  path: Assets/Scripts/NodeGraph/Editor/RoomNodeGraphEditor.cs
  artifactKey: Guid(db7f872f12fac464a815aa113b445843) Importer(815301076,1909f56bfc062723c751e8b465ee728b)
Start importing Assets/Scripts/NodeGraph/Editor/RoomNodeGraphEditor.cs using Guid(db7f872f12fac464a815aa113b445843) Importer(815301076,1909f56bfc062723c751e8b465ee728b)  -> (artifact id: '16a8790723237581d9e1e4a8e149aa54') in 0.068999 seconds 
========================================================================
Received Prepare
Registering precompiled user dll's ...
Registered in 0.005401 seconds.
Begin MonoManager ReloadAssembly
Symbol file LoadedFromMemory doesn't match image D:\GitHubProjects\eopiagrvai\Library\PackageCache\com.unity.visualscripting@1.6.1\Editor\VisualScripting.Core\Dependencies\YamlDotNet\Unity.VisualScripting.YamlDotNet.dll
Symbol file LoadedFromMemory doesn't match image D:\GitHubProjects\eopiagrvai\Library\PackageCache\com.unity.visualscripting@1.6.1\Editor\VisualScripting.Core\Dependencies\DotNetZip\Unity.VisualScripting.IonicZip.dll
Native extension for WindowsStandalone target not found
Refreshing native plugins compatible for Editor in 2.20 ms, found 1 plugins.
Preloading 0 native plugins for Editor in 0.00 ms.
Mono: successfully reloaded assembly
- Completed reload, in  5.110 seconds
Platform modules already initialized, skipping
Shader 'Universal Render Pipeline/Particles/Lit': fallback shader 'Universal Render Pipeline/Particles/SimpleLit' not found
Refreshing native plugins compatible for Editor in 1.16 ms, found 1 plugins.
Preloading 0 native plugins for Editor in 0.00 ms.
Unloading 3645 Unused Serialized files (Serialized files now loaded: 0)
System memory in use before: 150.7 MB.
System memory in use after: 150.9 MB.

Unloading 9 unused Assets to reduce memory usage. Loaded Objects now: 4212.
Total: 3.217800 ms (FindLiveObjects: 0.470300 ms CreateObjectMapping: 0.543600 ms MarkObjects: 2.184000 ms  DeleteObjects: 0.018700 ms)

========================================================================
Received Import Request.
  Time since last request: 299.672942 seconds.
  path: Assets/Scripts/NodeGraph/Editor/RoomNodeGraphEditor.cs
  artifactKey: Guid(db7f872f12fac464a815aa113b445843) Importer(815301076,1909f56bfc062723c751e8b465ee728b)
Start importing Assets/Scripts/NodeGraph/Editor/RoomNodeGraphEditor.cs using Guid(db7f872f12fac464a815aa113b445843) Importer(815301076,1909f56bfc062723c751e8b465ee728b)  -> (artifact id: '132b67a0851c783517dbeb437cf4d0b0') in 0.013485 seconds 
========================================================================
Received Import Request.
  Time since last request: 62.175801 seconds.
  path: Assets/Scripts/NodeGraph/Editor/RoomNodeGraphEditor.cs
  artifactKey: Guid(db7f872f12fac464a815aa113b445843) Importer(815301076,1909f56bfc062723c751e8b465ee728b)
Start importing Assets/Scripts/NodeGraph/Editor/RoomNodeGraphEditor.cs using Guid(db7f872f12fac464a815aa113b445843) Importer(815301076,1909f56bfc062723c751e8b465ee728b)  -> (artifact id: 'bccd3f6e173cc79505ac437c9dbd63ad') in 0.002290 seconds 
========================================================================
Received Prepare
Registering precompiled user dll's ...
Registered in 0.003930 seconds.
Begin MonoManager ReloadAssembly
Symbol file LoadedFromMemory doesn't match image D:\GitHubProjects\eopiagrvai\Library\PackageCache\com.unity.visualscripting@1.6.1\Editor\VisualScripting.Core\Dependencies\YamlDotNet\Unity.VisualScripting.YamlDotNet.dll
Symbol file LoadedFromMemory doesn't match image D:\GitHubProjects\eopiagrvai\Library\PackageCache\com.unity.visualscripting@1.6.1\Editor\VisualScripting.Core\Dependencies\DotNetZip\Unity.VisualScripting.IonicZip.dll
Native extension for WindowsStandalone target not found
Refreshing native plugins compatible for Editor in 1.25 ms, found 1 plugins.
Preloading 0 native plugins for Editor in 0.00 ms.
Mono: successfully reloaded assembly
- Completed reload, in  1.091 seconds
Platform modules already initialized, skipping
Shader 'Universal Render Pipeline/Particles/Lit': fallback shader 'Universal Render Pipeline/Particles/SimpleLit' not found
Refreshing native plugins compatible for Editor in 1.75 ms, found 1 plugins.
Preloading 0 native plugins for Editor in 0.00 ms.
Unloading 3645 Unused Serialized files (Serialized files now loaded: 0)
System memory in use before: 150.7 MB.
System memory in use after: 151.0 MB.

Unloading 9 unused Assets to reduce memory usage. Loaded Objects now: 4214.
Total: 2.902200 ms (FindLiveObjects: 0.340300 ms CreateObjectMapping: 0.239500 ms MarkObjects: 2.279800 ms  DeleteObjects: 0.041200 ms)

========================================================================
Received Import Request.
  Time since last request: 90.447184 seconds.
  path: Assets/Scripts/NodeGraph/Editor/RoomNodeGraphEditor.cs
  artifactKey: Guid(db7f872f12fac464a815aa113b445843) Importer(815301076,1909f56bfc062723c751e8b465ee728b)
Start importing Assets/Scripts/NodeGraph/Editor/RoomNodeGraphEditor.cs using Guid(db7f872f12fac464a815aa113b445843) Importer(815301076,1909f56bfc062723c751e8b465ee728b)  -> (artifact id: 'ad408c8e326ef0156a24749a981fb07c') in 0.007701 seconds 
========================================================================
Received Import Request.
  Time since last request: 752.697556 seconds.
  path: Assets/Scripts/NodeGraph/Editor/RoomNodeGraphEditor.cs
  artifactKey: Guid(db7f872f12fac464a815aa113b445843) Importer(815301076,1909f56bfc062723c751e8b465ee728b)
Start importing Assets/Scripts/NodeGraph/Editor/RoomNodeGraphEditor.cs using Guid(db7f872f12fac464a815aa113b445843) Importer(815301076,1909f56bfc062723c751e8b465ee728b)  -> (artifact id: 'ca4027f4dd9ef9dcab64588fad16d074') in 0.002649 seconds 
========================================================================
Received Import Request.
  Time since last request: 556.106374 seconds.
  path: Assets/Scripts/NodeGraph/Editor/RoomNodeGraphEditor.cs
  artifactKey: Guid(db7f872f12fac464a815aa113b445843) Importer(815301076,1909f56bfc062723c751e8b465ee728b)
Start importing Assets/Scripts/NodeGraph/Editor/RoomNodeGraphEditor.cs using Guid(db7f872f12fac464a815aa113b445843) Importer(815301076,1909f56bfc062723c751e8b465ee728b)  -> (artifact id: 'ad0e926ea4065a6fe50ad6a434cb0ca3') in 0.002046 seconds 
========================================================================
Received Prepare
Registering precompiled user dll's ...
Registered in 0.016141 seconds.
Begin MonoManager ReloadAssembly
Symbol file LoadedFromMemory doesn't match image D:\GitHubProjects\eopiagrvai\Library\PackageCache\com.unity.visualscripting@1.6.1\Editor\VisualScripting.Core\Dependencies\YamlDotNet\Unity.VisualScripting.YamlDotNet.dll
Symbol file LoadedFromMemory doesn't match image D:\GitHubProjects\eopiagrvai\Library\PackageCache\com.unity.visualscripting@1.6.1\Editor\VisualScripting.Core\Dependencies\DotNetZip\Unity.VisualScripting.IonicZip.dll
Native extension for WindowsStandalone target not found
Refreshing native plugins compatible for Editor in 1.23 ms, found 1 plugins.
Preloading 0 native plugins for Editor in 0.00 ms.
Mono: successfully reloaded assembly
- Completed reload, in  1.316 seconds
Platform modules already initialized, skipping
Shader 'Universal Render Pipeline/Particles/Lit': fallback shader 'Universal Render Pipeline/Particles/SimpleLit' not found
Refreshing native plugins compatible for Editor in 1.34 ms, found 1 plugins.
Preloading 0 native plugins for Editor in 0.00 ms.
Unloading 3645 Unused Serialized files (Serialized files now loaded: 0)
System memory in use before: 150.8 MB.
System memory in use after: 151.0 MB.

Unloading 9 unused Assets to reduce memory usage. Loaded Objects now: 4216.
Total: 2.720000 ms (FindLiveObjects: 0.300500 ms CreateObjectMapping: 0.205500 ms MarkObjects: 2.190100 ms  DeleteObjects: 0.022300 ms)

========================================================================
Received Import Request.
  Time since last request: 78.924895 seconds.
  path: Assets/Scripts/NodeGraph/Editor/RoomNodeGraphEditor.cs
  artifactKey: Guid(db7f872f12fac464a815aa113b445843) Importer(815301076,1909f56bfc062723c751e8b465ee728b)
Start importing Assets/Scripts/NodeGraph/Editor/RoomNodeGraphEditor.cs using Guid(db7f872f12fac464a815aa113b445843) Importer(815301076,1909f56bfc062723c751e8b465ee728b)  -> (artifact id: 'c2aecb31145e790cf0b9917e4742b646') in 0.006095 seconds 
========================================================================
Received Import Request.
  Time since last request: 5.843991 seconds.
  path: Assets/Scripts/NodeGraph/RoomNodeGraphSo.cs
  artifactKey: Guid(9ba3320db4f95df4ba621859ebc4b035) Importer(815301076,1909f56bfc062723c751e8b465ee728b)
Start importing Assets/Scripts/NodeGraph/RoomNodeGraphSo.cs using Guid(9ba3320db4f95df4ba621859ebc4b035) Importer(815301076,1909f56bfc062723c751e8b465ee728b)  -> (artifact id: '71755f90dc81d23f06ca6685730fc414') in 0.007619 seconds 
========================================================================
Received Prepare
Registering precompiled user dll's ...
Registered in 0.004766 seconds.
Begin MonoManager ReloadAssembly
Symbol file LoadedFromMemory doesn't match image D:\GitHubProjects\eopiagrvai\Library\PackageCache\com.unity.visualscripting@1.6.1\Editor\VisualScripting.Core\Dependencies\YamlDotNet\Unity.VisualScripting.YamlDotNet.dll
Symbol file LoadedFromMemory doesn't match image D:\GitHubProjects\eopiagrvai\Library\PackageCache\com.unity.visualscripting@1.6.1\Editor\VisualScripting.Core\Dependencies\DotNetZip\Unity.VisualScripting.IonicZip.dll
Native extension for WindowsStandalone target not found
Refreshing native plugins compatible for Editor in 1.48 ms, found 1 plugins.
Preloading 0 native plugins for Editor in 0.00 ms.
Mono: successfully reloaded assembly
- Completed reload, in  1.223 seconds
Platform modules already initialized, skipping
Shader 'Universal Render Pipeline/Particles/Lit': fallback shader 'Universal Render Pipeline/Particles/SimpleLit' not found
Refreshing native plugins compatible for Editor in 1.14 ms, found 1 plugins.
Preloading 0 native plugins for Editor in 0.00 ms.
Unloading 3646 Unused Serialized files (Serialized files now loaded: 0)
System memory in use before: 150.8 MB.
System memory in use after: 151.1 MB.

Unloading 9 unused Assets to reduce memory usage. Loaded Objects now: 4219.
Total: 2.717700 ms (FindLiveObjects: 0.302600 ms CreateObjectMapping: 0.218400 ms MarkObjects: 2.179900 ms  DeleteObjects: 0.015700 ms)

========================================================================
Received Import Request.
  Time since last request: 94.237041 seconds.
  path: Assets/Scripts/NodeGraph/RoomNodeGraphSO.cs
  artifactKey: Guid(9ba3320db4f95df4ba621859ebc4b035) Importer(815301076,1909f56bfc062723c751e8b465ee728b)
Start importing Assets/Scripts/NodeGraph/RoomNodeGraphSO.cs using Guid(9ba3320db4f95df4ba621859ebc4b035) Importer(815301076,1909f56bfc062723c751e8b465ee728b)  -> (artifact id: '8f59689ea2c3f3deb4faf78ed6d97c63') in 0.013302 seconds 
========================================================================
Received Prepare
Registering precompiled user dll's ...
Registered in 0.004259 seconds.
Begin MonoManager ReloadAssembly
Symbol file LoadedFromMemory doesn't match image D:\GitHubProjects\eopiagrvai\Library\PackageCache\com.unity.visualscripting@1.6.1\Editor\VisualScripting.Core\Dependencies\YamlDotNet\Unity.VisualScripting.YamlDotNet.dll
Symbol file LoadedFromMemory doesn't match image D:\GitHubProjects\eopiagrvai\Library\PackageCache\com.unity.visualscripting@1.6.1\Editor\VisualScripting.Core\Dependencies\DotNetZip\Unity.VisualScripting.IonicZip.dll
Native extension for WindowsStandalone target not found
Refreshing native plugins compatible for Editor in 1.41 ms, found 1 plugins.
Preloading 0 native plugins for Editor in 0.00 ms.
Mono: successfully reloaded assembly
- Completed reload, in  1.386 seconds
Platform modules already initialized, skipping
Shader 'Universal Render Pipeline/Particles/Lit': fallback shader 'Universal Render Pipeline/Particles/SimpleLit' not found
Refreshing native plugins compatible for Editor in 1.50 ms, found 1 plugins.
Preloading 0 native plugins for Editor in 0.00 ms.
Unloading 3646 Unused Serialized files (Serialized files now loaded: 0)
System memory in use before: 150.8 MB.
System memory in use after: 151.1 MB.

Unloading 9 unused Assets to reduce memory usage. Loaded Objects now: 4221.
Total: 6.416500 ms (FindLiveObjects: 2.761500 ms CreateObjectMapping: 0.379800 ms MarkObjects: 3.250100 ms  DeleteObjects: 0.023500 ms)

========================================================================
Received Import Request.
  Time since last request: 42.869601 seconds.
  path: Assets/Scripts/NodeGraph/RoomNodeGraphSO.cs
  artifactKey: Guid(9ba3320db4f95df4ba621859ebc4b035) Importer(815301076,1909f56bfc062723c751e8b465ee728b)
Start importing Assets/Scripts/NodeGraph/RoomNodeGraphSO.cs using Guid(9ba3320db4f95df4ba621859ebc4b035) Importer(815301076,1909f56bfc062723c751e8b465ee728b)  -> (artifact id: 'ff0ff7e0e9da046a265ecb5c00264baa') in 0.007042 seconds 
========================================================================
Received Prepare
Registering precompiled user dll's ...
Registered in 0.003762 seconds.
Begin MonoManager ReloadAssembly
Symbol file LoadedFromMemory doesn't match image D:\GitHubProjects\eopiagrvai\Library\PackageCache\com.unity.visualscripting@1.6.1\Editor\VisualScripting.Core\Dependencies\YamlDotNet\Unity.VisualScripting.YamlDotNet.dll
Symbol file LoadedFromMemory doesn't match image D:\GitHubProjects\eopiagrvai\Library\PackageCache\com.unity.visualscripting@1.6.1\Editor\VisualScripting.Core\Dependencies\DotNetZip\Unity.VisualScripting.IonicZip.dll
Native extension for WindowsStandalone target not found
Refreshing native plugins compatible for Editor in 1.25 ms, found 1 plugins.
Preloading 0 native plugins for Editor in 0.00 ms.
Mono: successfully reloaded assembly
- Completed reload, in  1.071 seconds
Platform modules already initialized, skipping
Shader 'Universal Render Pipeline/Particles/Lit': fallback shader 'Universal Render Pipeline/Particles/SimpleLit' not found
Refreshing native plugins compatible for Editor in 1.17 ms, found 1 plugins.
Preloading 0 native plugins for Editor in 0.00 ms.
Unloading 3646 Unused Serialized files (Serialized files now loaded: 0)
System memory in use before: 150.8 MB.
System memory in use after: 151.1 MB.

Unloading 9 unused Assets to reduce memory usage. Loaded Objects now: 4223.
Total: 2.786200 ms (FindLiveObjects: 0.379100 ms CreateObjectMapping: 0.206300 ms MarkObjects: 2.164400 ms  DeleteObjects: 0.035600 ms)

========================================================================
Received Import Request.
  Time since last request: 84.243066 seconds.
  path: Assets/Scripts/NodeGraph/RoomNodeGraphSO.cs
  artifactKey: Guid(9ba3320db4f95df4ba621859ebc4b035) Importer(815301076,1909f56bfc062723c751e8b465ee728b)
Start importing Assets/Scripts/NodeGraph/RoomNodeGraphSO.cs using Guid(9ba3320db4f95df4ba621859ebc4b035) Importer(815301076,1909f56bfc062723c751e8b465ee728b)  -> (artifact id: 'df69aca7e4a25a088d3b2cc2ebf0b235') in 0.005903 seconds 
========================================================================
Received Import Request.
  Time since last request: 164.262614 seconds.
  path: Assets/Scripts/NodeGraph/RoomNodeGraphSO.cs
  artifactKey: Guid(9ba3320db4f95df4ba621859ebc4b035) Importer(815301076,1909f56bfc062723c751e8b465ee728b)
Start importing Assets/Scripts/NodeGraph/RoomNodeGraphSO.cs using Guid(9ba3320db4f95df4ba621859ebc4b035) Importer(815301076,1909f56bfc062723c751e8b465ee728b)  -> (artifact id: 'da69dde67c6cfbf0d7235d05fbb6b515') in 0.002652 seconds 
========================================================================
Received Import Request.
  Time since last request: 18.250744 seconds.
  path: Assets/Scripts/NodeGraph/Editor/RoomNodeSO.cs
  artifactKey: Guid(657551c37e11c8c42b56bedbb9f551a3) Importer(815301076,1909f56bfc062723c751e8b465ee728b)
Start importing Assets/Scripts/NodeGraph/Editor/RoomNodeSO.cs using Guid(657551c37e11c8c42b56bedbb9f551a3) Importer(815301076,1909f56bfc062723c751e8b465ee728b)  -> (artifact id: 'fbd909591699439c9340de89898598b9') in 0.009784 seconds 
========================================================================
Received Import Request.
  Time since last request: 195.989128 seconds.
  path: Assets/Scripts/NodeGraph/Editor/RoomNodeSO.cs
  artifactKey: Guid(657551c37e11c8c42b56bedbb9f551a3) Importer(815301076,1909f56bfc062723c751e8b465ee728b)
Start importing Assets/Scripts/NodeGraph/Editor/RoomNodeSO.cs using Guid(657551c37e11c8c42b56bedbb9f551a3) Importer(815301076,1909f56bfc062723c751e8b465ee728b)  -> (artifact id: '152b73c31f9aee327d9552f00e8d8111') in 0.011226 seconds 
========================================================================
Received Import Request.
  Time since last request: 8.202908 seconds.
  path: Assets/Scripts/NodeGraph/Editor/RoomNodeType.cs
  artifactKey: Guid(ae811b3660ea6664cb0712ff6912145f) Importer(815301076,1909f56bfc062723c751e8b465ee728b)
Start importing Assets/Scripts/NodeGraph/Editor/RoomNodeType.cs using Guid(ae811b3660ea6664cb0712ff6912145f) Importer(815301076,1909f56bfc062723c751e8b465ee728b)  -> (artifact id: '9d64e95b7d4df2de651701022d4c5005') in 0.006688 seconds 
========================================================================
Received Import Request.
  Time since last request: 529.806170 seconds.
  path: Assets/Scripts/NodeGraph/Editor/RoomNodeType.cs
  artifactKey: Guid(ae811b3660ea6664cb0712ff6912145f) Importer(815301076,1909f56bfc062723c751e8b465ee728b)
Start importing Assets/Scripts/NodeGraph/Editor/RoomNodeType.cs using Guid(ae811b3660ea6664cb0712ff6912145f) Importer(815301076,1909f56bfc062723c751e8b465ee728b)  -> (artifact id: '744cc726fb12bab6804f290e001661db') in 0.017728 seconds 
========================================================================
Received Import Request.
  Time since last request: 11.407839 seconds.
  path: Assets/Scripts/Utilities
  artifactKey: Guid(513d8a0517ec16c489eac21bc44b5373) Importer(815301076,1909f56bfc062723c751e8b465ee728b)
Start importing Assets/Scripts/Utilities using Guid(513d8a0517ec16c489eac21bc44b5373) Importer(815301076,1909f56bfc062723c751e8b465ee728b)  -> (artifact id: 'df56a8562d37ea47599d755e83781885') in 0.007414 seconds 
========================================================================
Received Import Request.
  Time since last request: 8.910597 seconds.
  path: Assets/Scripts/Utilities/HelperUtilities.cs
  artifactKey: Guid(e8d59c45db1cb544f84b367fe8e62a67) Importer(815301076,1909f56bfc062723c751e8b465ee728b)
Start importing Assets/Scripts/Utilities/HelperUtilities.cs using Guid(e8d59c45db1cb544f84b367fe8e62a67) Importer(815301076,1909f56bfc062723c751e8b465ee728b)  -> (artifact id: '2db0a64f40e1e86ccd134cf88e073c09') in 0.007452 seconds 
========================================================================
Received Import Request.
  Time since last request: 358.812410 seconds.
  path: Assets/Scripts/NodeGraph/RoomNodeTypeList.cs
  artifactKey: Guid(cef54ef12602c144e8603da6fddd00d3) Importer(815301076,1909f56bfc062723c751e8b465ee728b)
Start importing Assets/Scripts/NodeGraph/RoomNodeTypeList.cs using Guid(cef54ef12602c144e8603da6fddd00d3) Importer(815301076,1909f56bfc062723c751e8b465ee728b)  -> (artifact id: '86dc8316888fd0f7c9e10cd3a1706571') in 0.007611 seconds 
========================================================================
Received Import Request.
  Time since last request: 93.066885 seconds.
  path: Assets/Scripts/NodeGraph/RoomNodeTypeList.cs
  artifactKey: Guid(cef54ef12602c144e8603da6fddd00d3) Importer(815301076,1909f56bfc062723c751e8b465ee728b)
Start importing Assets/Scripts/NodeGraph/RoomNodeTypeList.cs using Guid(cef54ef12602c144e8603da6fddd00d3) Importer(815301076,1909f56bfc062723c751e8b465ee728b)  -> (artifact id: 'c921b0a8c4babccc10ae709b98600204') in 0.003657 seconds 
========================================================================
Received Import Request.
  Time since last request: 242.745376 seconds.
  path: Assets/Scripts/NodeGraph/RoomNodeType.cs
  artifactKey: Guid(ae811b3660ea6664cb0712ff6912145f) Importer(815301076,1909f56bfc062723c751e8b465ee728b)
Start importing Assets/Scripts/NodeGraph/RoomNodeType.cs using Guid(ae811b3660ea6664cb0712ff6912145f) Importer(815301076,1909f56bfc062723c751e8b465ee728b)  -> (artifact id: 'e0e65550566580f9c9aa331c71b4e8a4') in 0.009606 seconds 
========================================================================
Received Import Request.
  Time since last request: 41.923298 seconds.
  path: Assets/Scripts/NodeGraph/RoomNodeTypeListSo.cs
  artifactKey: Guid(ae811b3660ea6664cb0712ff6912145f) Importer(815301076,1909f56bfc062723c751e8b465ee728b)
Start importing Assets/Scripts/NodeGraph/RoomNodeTypeListSo.cs using Guid(ae811b3660ea6664cb0712ff6912145f) Importer(815301076,1909f56bfc062723c751e8b465ee728b)  -> (artifact id: '03eb7a0be1cc8390ade28d1ddbc140f8') in 0.008956 seconds 
========================================================================
Received Import Request.
  Time since last request: 13.605327 seconds.
  path: Assets/Scripts/NodeGraph/RoomNodeTypeListSo.cs
  artifactKey: Guid(ae811b3660ea6664cb0712ff6912145f) Importer(815301076,1909f56bfc062723c751e8b465ee728b)
Start importing Assets/Scripts/NodeGraph/RoomNodeTypeListSo.cs using Guid(ae811b3660ea6664cb0712ff6912145f) Importer(815301076,1909f56bfc062723c751e8b465ee728b)  -> (artifact id: 'da575d27b8f6d42af2a53b03e2f26c83') in 0.002129 seconds 
========================================================================
Received Import Request.
  Time since last request: 8.361704 seconds.
  path: Assets/Scripts/NodeGraph/RoomNodeTypeSO.cs
  artifactKey: Guid(cef54ef12602c144e8603da6fddd00d3) Importer(815301076,1909f56bfc062723c751e8b465ee728b)
Start importing Assets/Scripts/NodeGraph/RoomNodeTypeSO.cs using Guid(cef54ef12602c144e8603da6fddd00d3) Importer(815301076,1909f56bfc062723c751e8b465ee728b)  -> (artifact id: '58d17d077296b6366af6b2c2be71b864') in 0.010189 seconds 
========================================================================
Received Import Request.
  Time since last request: 11.575077 seconds.
  path: Assets/Scripts/NodeGraph/RoomNodeTypeSO.cs
  artifactKey: Guid(cef54ef12602c144e8603da6fddd00d3) Importer(815301076,1909f56bfc062723c751e8b465ee728b)
Start importing Assets/Scripts/NodeGraph/RoomNodeTypeSO.cs using Guid(cef54ef12602c144e8603da6fddd00d3) Importer(815301076,1909f56bfc062723c751e8b465ee728b)  -> (artifact id: '0dea565433b6f2f55b1a8d7f0e828e36') in 0.002161 seconds 
========================================================================
Received Import Request.
  Time since last request: 5.376885 seconds.
  path: Assets/Scripts/Utilities/HelperUtilities.cs
  artifactKey: Guid(e8d59c45db1cb544f84b367fe8e62a67) Importer(815301076,1909f56bfc062723c751e8b465ee728b)
Start importing Assets/Scripts/Utilities/HelperUtilities.cs using Guid(e8d59c45db1cb544f84b367fe8e62a67) Importer(815301076,1909f56bfc062723c751e8b465ee728b)  -> (artifact id: 'd24b14e14abb1e65890945392449648e') in 0.006908 seconds 
========================================================================
Received Import Request.
  Time since last request: 67.316422 seconds.
  path: Assets/Scripts/Utilities/HelperUtilities.cs
  artifactKey: Guid(e8d59c45db1cb544f84b367fe8e62a67) Importer(815301076,1909f56bfc062723c751e8b465ee728b)
Start importing Assets/Scripts/Utilities/HelperUtilities.cs using Guid(e8d59c45db1cb544f84b367fe8e62a67) Importer(815301076,1909f56bfc062723c751e8b465ee728b)  -> (artifact id: 'fc953973f63212b10e137e02bf82764d') in 0.006783 seconds 
========================================================================
Received Import Request.
  Time since last request: 53.241959 seconds.
  path: Assets/Scripts/Utilities/HelperUtilities.cs
  artifactKey: Guid(e8d59c45db1cb544f84b367fe8e62a67) Importer(815301076,1909f56bfc062723c751e8b465ee728b)
Start importing Assets/Scripts/Utilities/HelperUtilities.cs using Guid(e8d59c45db1cb544f84b367fe8e62a67) Importer(815301076,1909f56bfc062723c751e8b465ee728b)  -> (artifact id: '6ca3ff651783be9d0f179fff3c7ed4ad') in 0.002241 seconds 
========================================================================
Received Prepare
Registering precompiled user dll's ...
Registered in 0.004120 seconds.
Begin MonoManager ReloadAssembly
Symbol file LoadedFromMemory doesn't match image D:\GitHubProjects\eopiagrvai\Library\PackageCache\com.unity.visualscripting@1.6.1\Editor\VisualScripting.Core\Dependencies\YamlDotNet\Unity.VisualScripting.YamlDotNet.dll
Symbol file LoadedFromMemory doesn't match image D:\GitHubProjects\eopiagrvai\Library\PackageCache\com.unity.visualscripting@1.6.1\Editor\VisualScripting.Core\Dependencies\DotNetZip\Unity.VisualScripting.IonicZip.dll
Native extension for WindowsStandalone target not found
Refreshing native plugins compatible for Editor in 1.26 ms, found 1 plugins.
Preloading 0 native plugins for Editor in 0.00 ms.
Mono: successfully reloaded assembly
- Completed reload, in  1.123 seconds
Platform modules already initialized, skipping
Shader 'Universal Render Pipeline/Particles/Lit': fallback shader 'Universal Render Pipeline/Particles/SimpleLit' not found
Refreshing native plugins compatible for Editor in 1.12 ms, found 1 plugins.
Preloading 0 native plugins for Editor in 0.00 ms.
Unloading 3650 Unused Serialized files (Serialized files now loaded: 0)
System memory in use before: 150.9 MB.
System memory in use after: 151.2 MB.

Unloading 9 unused Assets to reduce memory usage. Loaded Objects now: 4229.
Total: 3.727700 ms (FindLiveObjects: 0.479300 ms CreateObjectMapping: 0.397300 ms MarkObjects: 2.828900 ms  DeleteObjects: 0.020600 ms)

========================================================================
Received Import Request.
  Time since last request: 32.724305 seconds.
  path: Assets/Scripts/Utilities/HelperUtilities.cs
  artifactKey: Guid(e8d59c45db1cb544f84b367fe8e62a67) Importer(815301076,1909f56bfc062723c751e8b465ee728b)
Start importing Assets/Scripts/Utilities/HelperUtilities.cs using Guid(e8d59c45db1cb544f84b367fe8e62a67) Importer(815301076,1909f56bfc062723c751e8b465ee728b)  -> (artifact id: '3ccbbd8a30e7b2e3a678a3474f05d63e') in 0.006241 seconds 
========================================================================
Received Import Request.
  Time since last request: 577.703334 seconds.
  path: Assets/Scripts/Utilities/HelperUtilities.cs
  artifactKey: Guid(e8d59c45db1cb544f84b367fe8e62a67) Importer(815301076,1909f56bfc062723c751e8b465ee728b)
Start importing Assets/Scripts/Utilities/HelperUtilities.cs using Guid(e8d59c45db1cb544f84b367fe8e62a67) Importer(815301076,1909f56bfc062723c751e8b465ee728b)  -> (artifact id: '1effd9f02e4dfafdb22b130e30b46cf3') in 0.007128 seconds 
========================================================================
Received Import Request.
  Time since last request: 59.883810 seconds.
  path: Assets/Scripts/NodeGraph/RoomNodeTypeLSo.cs
  artifactKey: Guid(ae811b3660ea6664cb0712ff6912145f) Importer(815301076,1909f56bfc062723c751e8b465ee728b)
Start importing Assets/Scripts/NodeGraph/RoomNodeTypeLSo.cs using Guid(ae811b3660ea6664cb0712ff6912145f) Importer(815301076,1909f56bfc062723c751e8b465ee728b)  -> (artifact id: '9072c04689f42eb33d1d35e6472e78f7') in 0.006703 seconds 
========================================================================
Received Import Request.
  Time since last request: 8.602298 seconds.
  path: Assets/Scripts/NodeGraph/RoomNodeTypeListSO.cs
  artifactKey: Guid(cef54ef12602c144e8603da6fddd00d3) Importer(815301076,1909f56bfc062723c751e8b465ee728b)
Start importing Assets/Scripts/NodeGraph/RoomNodeTypeListSO.cs using Guid(cef54ef12602c144e8603da6fddd00d3) Importer(815301076,1909f56bfc062723c751e8b465ee728b)  -> (artifact id: '13860c53f444174171d72541df2ebff2') in 0.008112 seconds 
========================================================================
Received Import Request.
  Time since last request: 4.400845 seconds.
  path: Assets/Scripts/NodeGraph/RoomNodeTypeSo.cs
  artifactKey: Guid(ae811b3660ea6664cb0712ff6912145f) Importer(815301076,1909f56bfc062723c751e8b465ee728b)
Start importing Assets/Scripts/NodeGraph/RoomNodeTypeSo.cs using Guid(ae811b3660ea6664cb0712ff6912145f) Importer(815301076,1909f56bfc062723c751e8b465ee728b)  -> (artifact id: 'c4b1dc352990649bef0245d5c6384d37') in 0.008901 seconds 
========================================================================
Received Import Request.
  Time since last request: 25.240082 seconds.
  path: Assets/Scripts/NodeGraph/RoomNodeTypeListSO.cs
  artifactKey: Guid(cef54ef12602c144e8603da6fddd00d3) Importer(815301076,1909f56bfc062723c751e8b465ee728b)
Start importing Assets/Scripts/NodeGraph/RoomNodeTypeListSO.cs using Guid(cef54ef12602c144e8603da6fddd00d3) Importer(815301076,1909f56bfc062723c751e8b465ee728b)  -> (artifact id: 'dd8df96fb595029bd18c9f700cfde2fb') in 0.003504 seconds 
========================================================================
Received Import Request.
  Time since last request: 7.160515 seconds.
  path: Assets/Scripts/NodeGraph/RoomNodeTypeSo.cs
  artifactKey: Guid(ae811b3660ea6664cb0712ff6912145f) Importer(815301076,1909f56bfc062723c751e8b465ee728b)
Start importing Assets/Scripts/NodeGraph/RoomNodeTypeSo.cs using Guid(ae811b3660ea6664cb0712ff6912145f) Importer(815301076,1909f56bfc062723c751e8b465ee728b)  -> (artifact id: 'f381dffa439e2af0af7bf5549afb6acd') in 0.002437 seconds 
========================================================================
Received Import Request.
  Time since last request: 84.949267 seconds.
  path: Assets/Scripts/Utilities/HelperUtilities.cs
  artifactKey: Guid(e8d59c45db1cb544f84b367fe8e62a67) Importer(815301076,1909f56bfc062723c751e8b465ee728b)
Start importing Assets/Scripts/Utilities/HelperUtilities.cs using Guid(e8d59c45db1cb544f84b367fe8e62a67) Importer(815301076,1909f56bfc062723c751e8b465ee728b)  -> (artifact id: 'cace10261d66646a2a45eec895120f10') in 0.004670 seconds 
========================================================================
Received Prepare
Registering precompiled user dll's ...
Registered in 0.003991 seconds.
Begin MonoManager ReloadAssembly
Symbol file LoadedFromMemory doesn't match image D:\GitHubProjects\eopiagrvai\Library\PackageCache\com.unity.visualscripting@1.6.1\Editor\VisualScripting.Core\Dependencies\YamlDotNet\Unity.VisualScripting.YamlDotNet.dll
Symbol file LoadedFromMemory doesn't match image D:\GitHubProjects\eopiagrvai\Library\PackageCache\com.unity.visualscripting@1.6.1\Editor\VisualScripting.Core\Dependencies\DotNetZip\Unity.VisualScripting.IonicZip.dll
Native extension for WindowsStandalone target not found
Refreshing native plugins compatible for Editor in 1.12 ms, found 1 plugins.
Preloading 0 native plugins for Editor in 0.00 ms.
Mono: successfully reloaded assembly
- Completed reload, in  1.103 seconds
Platform modules already initialized, skipping
Shader 'Universal Render Pipeline/Particles/Lit': fallback shader 'Universal Render Pipeline/Particles/SimpleLit' not found
Refreshing native plugins compatible for Editor in 1.10 ms, found 1 plugins.
Preloading 0 native plugins for Editor in 0.00 ms.
Unloading 3650 Unused Serialized files (Serialized files now loaded: 0)
System memory in use before: 150.9 MB.
System memory in use after: 151.2 MB.

Unloading 9 unused Assets to reduce memory usage. Loaded Objects now: 4231.
Total: 4.869700 ms (FindLiveObjects: 0.605000 ms CreateObjectMapping: 0.414100 ms MarkObjects: 3.830000 ms  DeleteObjects: 0.019100 ms)

========================================================================
Received Import Request.
  Time since last request: 40.514664 seconds.
  path: Assets/Scripts/Utilities/HelperUtilities.cs
  artifactKey: Guid(e8d59c45db1cb544f84b367fe8e62a67) Importer(815301076,1909f56bfc062723c751e8b465ee728b)
Start importing Assets/Scripts/Utilities/HelperUtilities.cs using Guid(e8d59c45db1cb544f84b367fe8e62a67) Importer(815301076,1909f56bfc062723c751e8b465ee728b)  -> (artifact id: '017ce140a263aa3f6172938f90e509b5') in 0.007077 seconds 
========================================================================
Received Prepare
Registering precompiled user dll's ...
Registered in 0.003897 seconds.
Begin MonoManager ReloadAssembly
Symbol file LoadedFromMemory doesn't match image D:\GitHubProjects\eopiagrvai\Library\PackageCache\com.unity.visualscripting@1.6.1\Editor\VisualScripting.Core\Dependencies\YamlDotNet\Unity.VisualScripting.YamlDotNet.dll
Symbol file LoadedFromMemory doesn't match image D:\GitHubProjects\eopiagrvai\Library\PackageCache\com.unity.visualscripting@1.6.1\Editor\VisualScripting.Core\Dependencies\DotNetZip\Unity.VisualScripting.IonicZip.dll
Native extension for WindowsStandalone target not found
Refreshing native plugins compatible for Editor in 1.15 ms, found 1 plugins.
Preloading 0 native plugins for Editor in 0.00 ms.
Mono: successfully reloaded assembly
- Completed reload, in  1.252 seconds
Platform modules already initialized, skipping
Shader 'Universal Render Pipeline/Particles/Lit': fallback shader 'Universal Render Pipeline/Particles/SimpleLit' not found
Refreshing native plugins compatible for Editor in 1.13 ms, found 1 plugins.
Preloading 0 native plugins for Editor in 0.00 ms.
Unloading 3650 Unused Serialized files (Serialized files now loaded: 0)
System memory in use before: 151.0 MB.
System memory in use after: 151.2 MB.

Unloading 9 unused Assets to reduce memory usage. Loaded Objects now: 4233.
Total: 4.039700 ms (FindLiveObjects: 0.296800 ms CreateObjectMapping: 0.204400 ms MarkObjects: 3.518800 ms  DeleteObjects: 0.018700 ms)

========================================================================
Received Import Request.
  Time since last request: 1334.792429 seconds.
  path: Assets/Scripts/GameMangager
  artifactKey: Guid(5947778cba6f8b844bb2a7e68f494c53) Importer(815301076,1909f56bfc062723c751e8b465ee728b)
Start importing Assets/Scripts/GameMangager using Guid(5947778cba6f8b844bb2a7e68f494c53) Importer(815301076,1909f56bfc062723c751e8b465ee728b)  -> (artifact id: '1ca0f28a4dae407d41e28f5c8877b18a') in 0.016189 seconds 
========================================================================
Received Import Request.
  Time since last request: 5.627698 seconds.
  path: Assets/Scripts/GameManager
  artifactKey: Guid(5947778cba6f8b844bb2a7e68f494c53) Importer(815301076,1909f56bfc062723c751e8b465ee728b)
Start importing Assets/Scripts/GameManager using Guid(5947778cba6f8b844bb2a7e68f494c53) Importer(815301076,1909f56bfc062723c751e8b465ee728b)  -> (artifact id: 'a539b1cbc5a4a50342ec003f2a5a1fab') in 0.007100 seconds 
========================================================================
Received Import Request.
  Time since last request: 7.613836 seconds.
  path: Assets/Scripts/GameManager/GameResources.cs
  artifactKey: Guid(0dfdbc669778129428ea5dbf61298657) Importer(815301076,1909f56bfc062723c751e8b465ee728b)
Start importing Assets/Scripts/GameManager/GameResources.cs using Guid(0dfdbc669778129428ea5dbf61298657) Importer(815301076,1909f56bfc062723c751e8b465ee728b)  -> (artifact id: 'f0fa65d87e5ff5207306e2c522b02416') in 0.006271 seconds 
========================================================================
Received Prepare
Registering precompiled user dll's ...
Registered in 0.021410 seconds.
Begin MonoManager ReloadAssembly
Symbol file LoadedFromMemory doesn't match image D:\GitHubProjects\eopiagrvai\Library\PackageCache\com.unity.visualscripting@1.6.1\Editor\VisualScripting.Core\Dependencies\YamlDotNet\Unity.VisualScripting.YamlDotNet.dll
Symbol file LoadedFromMemory doesn't match image D:\GitHubProjects\eopiagrvai\Library\PackageCache\com.unity.visualscripting@1.6.1\Editor\VisualScripting.Core\Dependencies\DotNetZip\Unity.VisualScripting.IonicZip.dll
Native extension for WindowsStandalone target not found
Refreshing native plugins compatible for Editor in 1.21 ms, found 1 plugins.
Preloading 0 native plugins for Editor in 0.00 ms.
Mono: successfully reloaded assembly
- Completed reload, in  1.289 seconds
Platform modules already initialized, skipping
Shader 'Universal Render Pipeline/Particles/Lit': fallback shader 'Universal Render Pipeline/Particles/SimpleLit' not found
Refreshing native plugins compatible for Editor in 1.83 ms, found 1 plugins.
Preloading 0 native plugins for Editor in 0.00 ms.
Unloading 3651 Unused Serialized files (Serialized files now loaded: 0)
System memory in use before: 151.0 MB.
System memory in use after: 151.2 MB.

Unloading 9 unused Assets to reduce memory usage. Loaded Objects now: 4236.
Total: 7.463800 ms (FindLiveObjects: 1.808600 ms CreateObjectMapping: 0.540500 ms MarkObjects: 5.093200 ms  DeleteObjects: 0.020200 ms)

========================================================================
Received Import Request.
  Time since last request: 209.223453 seconds.
  path: Assets/Scripts/GameManager/GameResources.cs
  artifactKey: Guid(0dfdbc669778129428ea5dbf61298657) Importer(815301076,1909f56bfc062723c751e8b465ee728b)
Start importing Assets/Scripts/GameManager/GameResources.cs using Guid(0dfdbc669778129428ea5dbf61298657) Importer(815301076,1909f56bfc062723c751e8b465ee728b)  -> (artifact id: 'c6c22d755695ce2f3b3f4ab7b4cbd505') in 0.023069 seconds 
========================================================================
Received Import Request.
  Time since last request: 4.719314 seconds.
  path: Assets
  artifactKey: Guid(00000000000000001000000000000000) Importer(815301076,1909f56bfc062723c751e8b465ee728b)
Start importing Assets using Guid(00000000000000001000000000000000) Importer(815301076,1909f56bfc062723c751e8b465ee728b)  -> (artifact id: '42d402b061de3733987d63b9cc3b64de') in 0.014642 seconds 
========================================================================
Received Import Request.
  Time since last request: 4.455773 seconds.
  path: Assets/Prefab
  artifactKey: Guid(1b3dea5eb8ce880488a43d4042c462d4) Importer(815301076,1909f56bfc062723c751e8b465ee728b)
Start importing Assets/Prefab using Guid(1b3dea5eb8ce880488a43d4042c462d4) Importer(815301076,1909f56bfc062723c751e8b465ee728b)  -> (artifact id: 'ce8b44c6ea10257e55e94cbea65855cb') in 0.007581 seconds 
========================================================================
Received Import Request.
  Time since last request: 7.238308 seconds.
  path: Assets/Prefab/GameResources
  artifactKey: Guid(b08ba6e6665e565488f0dc1707ddd021) Importer(815301076,1909f56bfc062723c751e8b465ee728b)
Start importing Assets/Prefab/GameResources using Guid(b08ba6e6665e565488f0dc1707ddd021) Importer(815301076,1909f56bfc062723c751e8b465ee728b)  -> (artifact id: '0d35411f9beca34a1bd3a427f355249b') in 0.006926 seconds 
========================================================================
Received Import Request.
  Time since last request: 5.688059 seconds.
  path: Assets/Prefab/GameResources/Resources
  artifactKey: Guid(70e1dacc1070c1c4e86fa7c3a110596b) Importer(815301076,1909f56bfc062723c751e8b465ee728b)
Start importing Assets/Prefab/GameResources/Resources using Guid(70e1dacc1070c1c4e86fa7c3a110596b) Importer(815301076,1909f56bfc062723c751e8b465ee728b)  -> (artifact id: '66ebf1ffc978294c8641ff90c3a22dc6') in 0.009097 seconds 
========================================================================
Received Import Request.
  Time since last request: 47.248062 seconds.
  path: Assets/Prefab/GameResources/Resources/GameResources.prefab
  artifactKey: Guid(777d8507a22688b418b433cdcea6588a) Importer(815301076,1909f56bfc062723c751e8b465ee728b)
Start importing Assets/Prefab/GameResources/Resources/GameResources.prefab using Guid(777d8507a22688b418b433cdcea6588a) Importer(815301076,1909f56bfc062723c751e8b465ee728b)  -> (artifact id: 'd31afc121e3e623c9443c650e73fa96b') in 0.079546 seconds 
========================================================================
Received Prepare
Registering precompiled user dll's ...
Registered in 0.012634 seconds.
Begin MonoManager ReloadAssembly
Symbol file LoadedFromMemory doesn't match image D:\GitHubProjects\eopiagrvai\Library\PackageCache\com.unity.visualscripting@1.6.1\Editor\VisualScripting.Core\Dependencies\YamlDotNet\Unity.VisualScripting.YamlDotNet.dll
Symbol file LoadedFromMemory doesn't match image D:\GitHubProjects\eopiagrvai\Library\PackageCache\com.unity.visualscripting@1.6.1\Editor\VisualScripting.Core\Dependencies\DotNetZip\Unity.VisualScripting.IonicZip.dll
Native extension for WindowsStandalone target not found
Refreshing native plugins compatible for Editor in 1.38 ms, found 1 plugins.
Preloading 0 native plugins for Editor in 0.00 ms.
Mono: successfully reloaded assembly
- Completed reload, in  1.396 seconds
Platform modules already initialized, skipping
Shader 'Universal Render Pipeline/Particles/Lit': fallback shader 'Universal Render Pipeline/Particles/SimpleLit' not found
Refreshing native plugins compatible for Editor in 1.22 ms, found 1 plugins.
Preloading 0 native plugins for Editor in 0.00 ms.
Unloading 3651 Unused Serialized files (Serialized files now loaded: 0)
System memory in use before: 151.0 MB.
System memory in use after: 151.2 MB.

Unloading 9 unused Assets to reduce memory usage. Loaded Objects now: 4238.
Total: 2.742600 ms (FindLiveObjects: 0.339700 ms CreateObjectMapping: 0.326400 ms MarkObjects: 2.035900 ms  DeleteObjects: 0.039700 ms)

========================================================================
Received Import Request.
  Time since last request: 88.362002 seconds.
  path: Assets/ScriptableObjectAssets/Dungeon/New Folder
  artifactKey: Guid(ea0534e6017aa71448bafb00cf6df0f1) Importer(815301076,1909f56bfc062723c751e8b465ee728b)
Start importing Assets/ScriptableObjectAssets/Dungeon/New Folder using Guid(ea0534e6017aa71448bafb00cf6df0f1) Importer(815301076,1909f56bfc062723c751e8b465ee728b)  -> (artifact id: '93970a53640341bb76b1c278a741342b') in 0.012170 seconds 
========================================================================
Received Import Request.
  Time since last request: 7.151767 seconds.
  path: Assets/ScriptableObjectAssets/Dungeon/DungeonRoomNodeType
  artifactKey: Guid(ea0534e6017aa71448bafb00cf6df0f1) Importer(815301076,1909f56bfc062723c751e8b465ee728b)
Start importing Assets/ScriptableObjectAssets/Dungeon/DungeonRoomNodeType using Guid(ea0534e6017aa71448bafb00cf6df0f1) Importer(815301076,1909f56bfc062723c751e8b465ee728b)  -> (artifact id: '84f595fd6e80bbd238e231550c920da2') in 0.008135 seconds 
========================================================================
Received Import Request.
  Time since last request: 97.549519 seconds.
  path: Assets/ScriptableObjectAssets/Dungeon/DungeonRoomNodeType/RoomNodeType_BossRoom.asset
  artifactKey: Guid(35bcbb026101c3041bf2e4a351997e65) Importer(815301076,1909f56bfc062723c751e8b465ee728b)
Start importing Assets/ScriptableObjectAssets/Dungeon/DungeonRoomNodeType/RoomNodeType_BossRoom.asset using Guid(35bcbb026101c3041bf2e4a351997e65) Importer(815301076,1909f56bfc062723c751e8b465ee728b)  -> (artifact id: '2ab60e1ccee1726467a0b42f31334c77') in 0.028948 seconds 
========================================================================
Received Import Request.
  Time since last request: 54.695038 seconds.
  path: Assets/ScriptableObjectAssets/Dungeon/DungeonRoomNodeType/RoomNodeType_ChestRoom.asset
  artifactKey: Guid(1d60779f0cf3c9542937b6077c84c937) Importer(815301076,1909f56bfc062723c751e8b465ee728b)
Start importing Assets/ScriptableObjectAssets/Dungeon/DungeonRoomNodeType/RoomNodeType_ChestRoom.asset using Guid(1d60779f0cf3c9542937b6077c84c937) Importer(815301076,1909f56bfc062723c751e8b465ee728b)  -> (artifact id: '38039676b8bdd1d3c197cbd7651e14d9') in 0.015547 seconds 
========================================================================
Received Import Request.
  Time since last request: 56.274767 seconds.
  path: Assets/ScriptableObjectAssets/Dungeon/DungeonRoomNodeType/RoomNodeType_BossRoom.asset
  artifactKey: Guid(35bcbb026101c3041bf2e4a351997e65) Importer(815301076,1909f56bfc062723c751e8b465ee728b)
Start importing Assets/ScriptableObjectAssets/Dungeon/DungeonRoomNodeType/RoomNodeType_BossRoom.asset using Guid(35bcbb026101c3041bf2e4a351997e65) Importer(815301076,1909f56bfc062723c751e8b465ee728b)  -> (artifact id: 'c10a35a257a4fdc35ff112b9f4c5217b') in 0.005655 seconds 
========================================================================
Received Import Request.
  Time since last request: 2.541471 seconds.
  path: Assets/ScriptableObjectAssets/Dungeon/DungeonRoomNodeType/RoomNodeTypeListSO.asset
  artifactKey: Guid(b0e4bccc1f5220349843671d6f7e00d8) Importer(815301076,1909f56bfc062723c751e8b465ee728b)
Start importing Assets/ScriptableObjectAssets/Dungeon/DungeonRoomNodeType/RoomNodeTypeListSO.asset using Guid(b0e4bccc1f5220349843671d6f7e00d8) Importer(815301076,1909f56bfc062723c751e8b465ee728b) list no values in object RoomNodeTypeListSO
UnityEngine.StackTraceUtility:ExtractStackTrace ()
UnityEngine.DebugLogHandler:LogFormat (UnityEngine.LogType,UnityEngine.Object,string,object[])
UnityEngine.Logger:Log (UnityEngine.LogType,object)
UnityEngine.Debug:Log (object)
HelperUtilities:ValidateCheckEnumerableValues (UnityEngine.Object,string,System.Collections.IEnumerable) (at Assets/Scripts/Utilities/HelperUtilities.cs:33)
RoomNodeTypeListSO:OnValidate () (at Assets/Scripts/NodeGraph/RoomNodeTypeListSO.cs:14)

(Filename: Assets/Scripts/Utilities/HelperUtilities.cs Line: 33)

 -> (artifact id: '430ff85a243c942ce7842826f5b757ca') in 0.041242 seconds 
========================================================================
Received Import Request.
  Time since last request: 14.330671 seconds.
  path: Assets/ScriptableObjectAssets/Dungeon/DungeonRoomNodeType/RoomNodeType.asset
  artifactKey: Guid(972478abe838a8c49a9a23feec7fdcef) Importer(815301076,1909f56bfc062723c751e8b465ee728b)
Start importing Assets/ScriptableObjectAssets/Dungeon/DungeonRoomNodeType/RoomNodeType.asset using Guid(972478abe838a8c49a9a23feec7fdcef) Importer(815301076,1909f56bfc062723c751e8b465ee728b)  -> (artifact id: '6b4a1bb72ec36b6eadae60080aae23b8') in 0.009144 seconds 
========================================================================
Received Import Request.
  Time since last request: 8.366716 seconds.
  path: Assets/ScriptableObjectAssets/Dungeon/DungeonRoomNodeType/RoomNodeType_Corridor.asset
  artifactKey: Guid(972478abe838a8c49a9a23feec7fdcef) Importer(815301076,1909f56bfc062723c751e8b465ee728b)
Start importing Assets/ScriptableObjectAssets/Dungeon/DungeonRoomNodeType/RoomNodeType_Corridor.asset using Guid(972478abe838a8c49a9a23feec7fdcef) Importer(815301076,1909f56bfc062723c751e8b465ee728b)  -> (artifact id: '89c841e39f88f328dfbf6af03a904472') in 0.009541 seconds 
========================================================================
Received Import Request.
  Time since last request: 30.819908 seconds.
  path: Assets/ScriptableObjectAssets/Dungeon/DungeonRoomNodeType/RoomNodeType_.asset
  artifactKey: Guid(ef9857df4cab2234e860ee487249c586) Importer(815301076,1909f56bfc062723c751e8b465ee728b)
Start importing Assets/ScriptableObjectAssets/Dungeon/DungeonRoomNodeType/RoomNodeType_.asset using Guid(ef9857df4cab2234e860ee487249c586) Importer(815301076,1909f56bfc062723c751e8b465ee728b)  -> (artifact id: '180920d89e8a7e7775f71ce144c744f4') in 0.021466 seconds 
========================================================================
Received Import Request.
  Time since last request: 7.374215 seconds.
  path: Assets/ScriptableObjectAssets/Dungeon/DungeonRoomNodeType/RoomNodeType_CorridorEW.asset
  artifactKey: Guid(ef9857df4cab2234e860ee487249c586) Importer(815301076,1909f56bfc062723c751e8b465ee728b)
Start importing Assets/ScriptableObjectAssets/Dungeon/DungeonRoomNodeType/RoomNodeType_CorridorEW.asset using Guid(ef9857df4cab2234e860ee487249c586) Importer(815301076,1909f56bfc062723c751e8b465ee728b)  -> (artifact id: '2993764b8367af5a6ea23bf0c8e57981') in 0.007115 seconds 
========================================================================
Received Import Request.
  Time since last request: 13.340267 seconds.
  path: Assets/ScriptableObjectAssets/Dungeon
  artifactKey: Guid(23734195c7fc91440bab87c81c8432e1) Importer(815301076,1909f56bfc062723c751e8b465ee728b)
Start importing Assets/ScriptableObjectAssets/Dungeon using Guid(23734195c7fc91440bab87c81c8432e1) Importer(815301076,1909f56bfc062723c751e8b465ee728b)  -> (artifact id: 'f4f7fbc593f55da75e6712fe03ae701e') in 0.007868 seconds 
========================================================================
Received Import Request.
  Time since last request: 13.183188 seconds.
  path: Assets/ScriptableObjectAssets/Dungeon/DungeonRoomNodeType/RoomNodeType_CorridorNS.asset
  artifactKey: Guid(676394a3c455f26498b79715251906e0) Importer(815301076,1909f56bfc062723c751e8b465ee728b)
Start importing Assets/ScriptableObjectAssets/Dungeon/DungeonRoomNodeType/RoomNodeType_CorridorNS.asset using Guid(676394a3c455f26498b79715251906e0) Importer(815301076,1909f56bfc062723c751e8b465ee728b)  -> (artifact id: '9479e3fdb0d885a2f8b3f70cdc8efc0a') in 0.023670 seconds 
========================================================================
Received Import Request.
  Time since last request: 58.115113 seconds.
  path: Assets/Scripts/NodeGraph/RoomNodeTypeSO.cs
  artifactKey: Guid(ae811b3660ea6664cb0712ff6912145f) Importer(815301076,1909f56bfc062723c751e8b465ee728b)
Start importing Assets/Scripts/NodeGraph/RoomNodeTypeSO.cs using Guid(ae811b3660ea6664cb0712ff6912145f) Importer(815301076,1909f56bfc062723c751e8b465ee728b)  -> (artifact id: '42994cdca49011b0063807acfeec4ba9') in 0.013184 seconds 
========================================================================
Received Prepare
Registering precompiled user dll's ...
Registered in 0.005364 seconds.
Begin MonoManager ReloadAssembly
Symbol file LoadedFromMemory doesn't match image D:\GitHubProjects\eopiagrvai\Library\PackageCache\com.unity.visualscripting@1.6.1\Editor\VisualScripting.Core\Dependencies\YamlDotNet\Unity.VisualScripting.YamlDotNet.dll
Symbol file LoadedFromMemory doesn't match image D:\GitHubProjects\eopiagrvai\Library\PackageCache\com.unity.visualscripting@1.6.1\Editor\VisualScripting.Core\Dependencies\DotNetZip\Unity.VisualScripting.IonicZip.dll
Native extension for WindowsStandalone target not found
Refreshing native plugins compatible for Editor in 1.76 ms, found 1 plugins.
Preloading 0 native plugins for Editor in 0.00 ms.
Mono: successfully reloaded assembly
- Completed reload, in  1.401 seconds
Platform modules already initialized, skipping
Shader 'Universal Render Pipeline/Particles/Lit': fallback shader 'Universal Render Pipeline/Particles/SimpleLit' not found
Refreshing native plugins compatible for Editor in 2.06 ms, found 1 plugins.
Preloading 0 native plugins for Editor in 0.00 ms.
Unloading 3651 Unused Serialized files (Serialized files now loaded: 0)
System memory in use before: 151.1 MB.
System memory in use after: 151.4 MB.

Unloading 9 unused Assets to reduce memory usage. Loaded Objects now: 4240.
Total: 2.904900 ms (FindLiveObjects: 0.344200 ms CreateObjectMapping: 0.280100 ms MarkObjects: 2.260300 ms  DeleteObjects: 0.019000 ms)

========================================================================
Received Import Request.
  Time since last request: 30.218984 seconds.
  path: Assets/ScriptableObjectAssets/Dungeon/DungeonRoomNodeType/RoomNodeType_Entrance.asset
  artifactKey: Guid(a006014822804224ba76d07cfa84ac76) Importer(815301076,1909f56bfc062723c751e8b465ee728b)
Start importing Assets/ScriptableObjectAssets/Dungeon/DungeonRoomNodeType/RoomNodeType_Entrance.asset using Guid(a006014822804224ba76d07cfa84ac76) Importer(815301076,1909f56bfc062723c751e8b465ee728b)  -> (artifact id: '417d134ce51a73adc79750e9173bc4dd') in 0.029747 seconds 
========================================================================
Received Import Request.
  Time since last request: 38.648578 seconds.
  path: Assets/ScriptableObjectAssets/Dungeon/DungeonRoomNodeType/RoomNodeType_LargeRoom.asset
  artifactKey: Guid(8d930bc9a3119d247b5cdd1f4dc208e5) Importer(815301076,1909f56bfc062723c751e8b465ee728b)
Start importing Assets/ScriptableObjectAssets/Dungeon/DungeonRoomNodeType/RoomNodeType_LargeRoom.asset using Guid(8d930bc9a3119d247b5cdd1f4dc208e5) Importer(815301076,1909f56bfc062723c751e8b465ee728b)  -> (artifact id: '800356546bc1dd86122ff47d6d572225') in 0.015442 seconds 
========================================================================
Received Import Request.
  Time since last request: 19.343719 seconds.
  path: Assets/ScriptableObjectAssets/Dungeon/DungeonRoomNodeType/RoomNodeType_MediumRoom.asset
  artifactKey: Guid(6894b6d96ccb1434f808ed37a4e0f9bc) Importer(815301076,1909f56bfc062723c751e8b465ee728b)
Start importing Assets/ScriptableObjectAssets/Dungeon/DungeonRoomNodeType/RoomNodeType_MediumRoom.asset using Guid(6894b6d96ccb1434f808ed37a4e0f9bc) Importer(815301076,1909f56bfc062723c751e8b465ee728b)  -> (artifact id: 'daf480a7ef256736d2bcfd43be4d74cb') in 0.014176 seconds 
========================================================================
Received Import Request.
  Time since last request: 15.914463 seconds.
  path: Assets/ScriptableObjectAssets/Dungeon/DungeonRoomNodeType/RoomNodeType_SmallRoom.asset
  artifactKey: Guid(2a313bd0438482646b615da859bc8861) Importer(815301076,1909f56bfc062723c751e8b465ee728b)
Start importing Assets/ScriptableObjectAssets/Dungeon/DungeonRoomNodeType/RoomNodeType_SmallRoom.asset using Guid(2a313bd0438482646b615da859bc8861) Importer(815301076,1909f56bfc062723c751e8b465ee728b)  -> (artifact id: '3df629c5afbc7cbb1b0684e98c42b6e9') in 0.018135 seconds 
========================================================================
Received Import Request.
  Time since last request: 15.350417 seconds.
  path: Assets/ScriptableObjectAssets/Dungeon/DungeonRoomNodeType/RoomNodeType_None.asset
  artifactKey: Guid(89cc0aeddfa9f1e4ba1dd81e712c2ce5) Importer(815301076,1909f56bfc062723c751e8b465ee728b)
Start importing Assets/ScriptableObjectAssets/Dungeon/DungeonRoomNodeType/RoomNodeType_None.asset using Guid(89cc0aeddfa9f1e4ba1dd81e712c2ce5) Importer(815301076,1909f56bfc062723c751e8b465ee728b)  -> (artifact id: '345a5bb09cb1b3ded3d64d9c81286c92') in 0.011529 seconds 
========================================================================
Received Import Request.
  Time since last request: 114.664289 seconds.
  path: Assets/Prefab/GameResources/Resources/GameResources.prefab
  artifactKey: Guid(777d8507a22688b418b433cdcea6588a) Importer(815301076,1909f56bfc062723c751e8b465ee728b)
Start importing Assets/Prefab/GameResources/Resources/GameResources.prefab using Guid(777d8507a22688b418b433cdcea6588a) Importer(815301076,1909f56bfc062723c751e8b465ee728b)  -> (artifact id: '582986b8a69e42bd974eff96e0571fb6') in 0.025695 seconds 
========================================================================
Received Import Request.
  Time since last request: 39.184672 seconds.
  path: Assets/Prefab/GameResources/Resources/GameResources.prefab
  artifactKey: Guid(777d8507a22688b418b433cdcea6588a) Importer(815301076,1909f56bfc062723c751e8b465ee728b)
Start importing Assets/Prefab/GameResources/Resources/GameResources.prefab using Guid(777d8507a22688b418b433cdcea6588a) Importer(815301076,1909f56bfc062723c751e8b465ee728b) list no values in object RoomNodeTypeListSO
UnityEngine.StackTraceUtility:ExtractStackTrace ()
UnityEngine.DebugLogHandler:LogFormat (UnityEngine.LogType,UnityEngine.Object,string,object[])
UnityEngine.Logger:Log (UnityEngine.LogType,object)
UnityEngine.Debug:Log (object)
HelperUtilities:ValidateCheckEnumerableValues (UnityEngine.Object,string,System.Collections.IEnumerable) (at Assets/Scripts/Utilities/HelperUtilities.cs:33)
RoomNodeTypeListSO:OnValidate () (at Assets/Scripts/NodeGraph/RoomNodeTypeListSO.cs:14)

(Filename: Assets/Scripts/Utilities/HelperUtilities.cs Line: 33)

 -> (artifact id: 'd12ac81f14665023efdb713e9591a5d6') in 0.010696 seconds 
========================================================================
Received Import Request.
  Time since last request: 1713.616409 seconds.
  path: Assets/Scripts/NodeGraph/Editor/RoomNodeGraphEditor.cs
  artifactKey: Guid(db7f872f12fac464a815aa113b445843) Importer(815301076,1909f56bfc062723c751e8b465ee728b)
Start importing Assets/Scripts/NodeGraph/Editor/RoomNodeGraphEditor.cs using Guid(db7f872f12fac464a815aa113b445843) Importer(815301076,1909f56bfc062723c751e8b465ee728b)  -> (artifact id: 'c0153dff8ede6d04a346fb3e34d3c785') in 0.009561 seconds 
========================================================================
Received Import Request.
  Time since last request: 109.424865 seconds.
  path: Assets/Scripts/NodeGraph/Editor/RoomNodeGraphEditor.cs
  artifactKey: Guid(db7f872f12fac464a815aa113b445843) Importer(815301076,1909f56bfc062723c751e8b465ee728b)
Start importing Assets/Scripts/NodeGraph/Editor/RoomNodeGraphEditor.cs using Guid(db7f872f12fac464a815aa113b445843) Importer(815301076,1909f56bfc062723c751e8b465ee728b)  -> (artifact id: '117d29df67f9a232f7704f3325c0700a') in 0.003618 seconds 
========================================================================
Received Import Request.
  Time since last request: 38.045082 seconds.
  path: Assets/Scripts/NodeGraph/Editor/RoomNodeGraphEditor.cs
  artifactKey: Guid(db7f872f12fac464a815aa113b445843) Importer(815301076,1909f56bfc062723c751e8b465ee728b)
Start importing Assets/Scripts/NodeGraph/Editor/RoomNodeGraphEditor.cs using Guid(db7f872f12fac464a815aa113b445843) Importer(815301076,1909f56bfc062723c751e8b465ee728b)  -> (artifact id: '91b0261ed079283b67344a006fd061bf') in 0.002159 seconds 
========================================================================
Received Import Request.
  Time since last request: 47.677498 seconds.
  path: Assets/Scripts/NodeGraph/Editor/RoomNodeGraphEditor.cs
  artifactKey: Guid(db7f872f12fac464a815aa113b445843) Importer(815301076,1909f56bfc062723c751e8b465ee728b)
Start importing Assets/Scripts/NodeGraph/Editor/RoomNodeGraphEditor.cs using Guid(db7f872f12fac464a815aa113b445843) Importer(815301076,1909f56bfc062723c751e8b465ee728b)  -> (artifact id: '2df5f646d5f5a5b4c8eb55d41f437d77') in 0.002183 seconds 
========================================================================
Received Import Request.
  Time since last request: 795.177115 seconds.
  path: Assets/Scripts/NodeGraph/RoomNodeSO.cs
  artifactKey: Guid(657551c37e11c8c42b56bedbb9f551a3) Importer(815301076,1909f56bfc062723c751e8b465ee728b)
Start importing Assets/Scripts/NodeGraph/RoomNodeSO.cs using Guid(657551c37e11c8c42b56bedbb9f551a3) Importer(815301076,1909f56bfc062723c751e8b465ee728b)  -> (artifact id: 'a863d231112f2b54119d5a9998eb0910') in 0.016508 seconds 
========================================================================
Received Prepare
Registering precompiled user dll's ...
Registered in 0.004055 seconds.
Begin MonoManager ReloadAssembly
Symbol file LoadedFromMemory doesn't match image D:\GitHubProjects\eopiagrvai\Library\PackageCache\com.unity.visualscripting@1.6.1\Editor\VisualScripting.Core\Dependencies\YamlDotNet\Unity.VisualScripting.YamlDotNet.dll
Symbol file LoadedFromMemory doesn't match image D:\GitHubProjects\eopiagrvai\Library\PackageCache\com.unity.visualscripting@1.6.1\Editor\VisualScripting.Core\Dependencies\DotNetZip\Unity.VisualScripting.IonicZip.dll
Native extension for WindowsStandalone target not found
Refreshing native plugins compatible for Editor in 20.60 ms, found 1 plugins.
Preloading 0 native plugins for Editor in 0.00 ms.
Mono: successfully reloaded assembly
- Completed reload, in  2.059 seconds
Platform modules already initialized, skipping
Shader 'Universal Render Pipeline/Particles/Lit': fallback shader 'Universal Render Pipeline/Particles/SimpleLit' not found
Refreshing native plugins compatible for Editor in 1.42 ms, found 1 plugins.
Preloading 0 native plugins for Editor in 0.00 ms.
Unloading 3651 Unused Serialized files (Serialized files now loaded: 0)
System memory in use before: 151.2 MB.
System memory in use after: 151.4 MB.

Unloading 9 unused Assets to reduce memory usage. Loaded Objects now: 4242.
Total: 3.352400 ms (FindLiveObjects: 0.671100 ms CreateObjectMapping: 0.331100 ms MarkObjects: 2.277300 ms  DeleteObjects: 0.071500 ms)

========================================================================
Received Import Request.
  Time since last request: 128.293216 seconds.
  path: Assets/Scripts/NodeGraph/RoomNodeSO.cs
  artifactKey: Guid(657551c37e11c8c42b56bedbb9f551a3) Importer(815301076,1909f56bfc062723c751e8b465ee728b)
Start importing Assets/Scripts/NodeGraph/RoomNodeSO.cs using Guid(657551c37e11c8c42b56bedbb9f551a3) Importer(815301076,1909f56bfc062723c751e8b465ee728b)  -> (artifact id: 'f4a096ad691ab08b7c2f19fb34933282') in 0.006561 seconds 
========================================================================
Received Import Request.
  Time since last request: 23.344326 seconds.
  path: Assets/ScriptableObjectAssets/Dungeon/New Folder
  artifactKey: Guid(d8827ea9f9e822345968895bb0596b3f) Importer(815301076,1909f56bfc062723c751e8b465ee728b)
Start importing Assets/ScriptableObjectAssets/Dungeon/New Folder using Guid(d8827ea9f9e822345968895bb0596b3f) Importer(815301076,1909f56bfc062723c751e8b465ee728b)  -> (artifact id: '21fb98370b1e5283846ae60c2e054e7f') in 0.003070 seconds 
========================================================================
Received Import Request.
  Time since last request: 9.101358 seconds.
  path: Assets/ScriptableObjectAssets/Dungeon/DungeonRoomNodeGraph
  artifactKey: Guid(d8827ea9f9e822345968895bb0596b3f) Importer(815301076,1909f56bfc062723c751e8b465ee728b)
Start importing Assets/ScriptableObjectAssets/Dungeon/DungeonRoomNodeGraph using Guid(d8827ea9f9e822345968895bb0596b3f) Importer(815301076,1909f56bfc062723c751e8b465ee728b)  -> (artifact id: '5265b09fb5c0642495a0f474fd84f540') in 0.007488 seconds 
========================================================================
Received Import Request.
  Time since last request: 11.930246 seconds.
  path: Assets/ScriptableObjectAssets/Dungeon/DungeonRoomNodeGraph/RoomNodeGraph.asset
  artifactKey: Guid(5769bafe134d7a845bc8abf553b4b34d) Importer(815301076,1909f56bfc062723c751e8b465ee728b)
Start importing Assets/ScriptableObjectAssets/Dungeon/DungeonRoomNodeGraph/RoomNodeGraph.asset using Guid(5769bafe134d7a845bc8abf553b4b34d) Importer(815301076,1909f56bfc062723c751e8b465ee728b)  -> (artifact id: '8240dd6ff374493cc24124dab7903cfe') in 0.046830 seconds 
========================================================================
Received Import Request.
  Time since last request: 14.291171 seconds.
  path: Assets/ScriptableObjectAssets/Dungeon/DungeonRoomNodeGraph/RoomNodeGraph.asset
  artifactKey: Guid(5769bafe134d7a845bc8abf553b4b34d) Importer(815301076,1909f56bfc062723c751e8b465ee728b)
Start importing Assets/ScriptableObjectAssets/Dungeon/DungeonRoomNodeGraph/RoomNodeGraph.asset using Guid(5769bafe134d7a845bc8abf553b4b34d) Importer(815301076,1909f56bfc062723c751e8b465ee728b)  -> (artifact id: 'a3fa7b49aae6f05b97a46a98cf30583a') in 0.049429 seconds 
========================================================================
Received Import Request.
  Time since last request: 18.571549 seconds.
  path: Assets/ScriptableObjectAssets/Dungeon/DungeonRoomNodeGraph/RoomNodeGraph.asset
  artifactKey: Guid(5769bafe134d7a845bc8abf553b4b34d) Importer(815301076,1909f56bfc062723c751e8b465ee728b)
Start importing Assets/ScriptableObjectAssets/Dungeon/DungeonRoomNodeGraph/RoomNodeGraph.asset using Guid(5769bafe134d7a845bc8abf553b4b34d) Importer(815301076,1909f56bfc062723c751e8b465ee728b)  -> (artifact id: '0348299100da2f7883c7ac31562227cf') in 0.034559 seconds 
========================================================================
Received Import Request.
  Time since last request: 52.895263 seconds.
  path: Assets/ScriptableObjectAssets/Dungeon/DungeonRoomNodeGraph/RoomNodeGraph.asset
  artifactKey: Guid(5769bafe134d7a845bc8abf553b4b34d) Importer(815301076,1909f56bfc062723c751e8b465ee728b)
Start importing Assets/ScriptableObjectAssets/Dungeon/DungeonRoomNodeGraph/RoomNodeGraph.asset using Guid(5769bafe134d7a845bc8abf553b4b34d) Importer(815301076,1909f56bfc062723c751e8b465ee728b)  -> (artifact id: 'dd8b1053147a862a47215f6ac859882f') in 0.018080 seconds 
========================================================================
Received Import Request.
  Time since last request: 1139.379082 seconds.
  path: Assets/Scripts/NodeGraph/Editor/RoomNodeGraphEditor.cs
  artifactKey: Guid(db7f872f12fac464a815aa113b445843) Importer(815301076,1909f56bfc062723c751e8b465ee728b)
Start importing Assets/Scripts/NodeGraph/Editor/RoomNodeGraphEditor.cs using Guid(db7f872f12fac464a815aa113b445843) Importer(815301076,1909f56bfc062723c751e8b465ee728b)  -> (artifact id: 'e704ad44b36cf4a3bd8dcae0f3e8a9cf') in 0.014986 seconds 
========================================================================
Received Import Request.
  Time since last request: 335.531104 seconds.
  path: Assets/Scripts/NodeGraph/Editor/RoomNodeGraphEditor.cs
  artifactKey: Guid(db7f872f12fac464a815aa113b445843) Importer(815301076,1909f56bfc062723c751e8b465ee728b)
Start importing Assets/Scripts/NodeGraph/Editor/RoomNodeGraphEditor.cs using Guid(db7f872f12fac464a815aa113b445843) Importer(815301076,1909f56bfc062723c751e8b465ee728b)  -> (artifact id: '73b8e206b9caf4f4d3146b17b014e1e5') in 0.002465 seconds 
========================================================================
Received Import Request.
  Time since last request: 627.715681 seconds.
  path: Assets/Scripts/NodeGraph/Editor/RoomNodeGraphEditor.cs
  artifactKey: Guid(db7f872f12fac464a815aa113b445843) Importer(815301076,1909f56bfc062723c751e8b465ee728b)
Start importing Assets/Scripts/NodeGraph/Editor/RoomNodeGraphEditor.cs using Guid(db7f872f12fac464a815aa113b445843) Importer(815301076,1909f56bfc062723c751e8b465ee728b)  -> (artifact id: '9aa49950f890c580c17571b0b8af9907') in 0.024959 seconds 
========================================================================
Received Import Request.
  Time since last request: 19.402610 seconds.
  path: Assets/Scripts/NodeGraph/Editor/RoomNodeGraphEditor.cs
  artifactKey: Guid(db7f872f12fac464a815aa113b445843) Importer(815301076,1909f56bfc062723c751e8b465ee728b)
Start importing Assets/Scripts/NodeGraph/Editor/RoomNodeGraphEditor.cs using Guid(db7f872f12fac464a815aa113b445843) Importer(815301076,1909f56bfc062723c751e8b465ee728b)  -> (artifact id: '7fb1cd8fe0ed7e5c965fbb7a97fc0b98') in 0.002198 seconds 
========================================================================
Received Import Request.
  Time since last request: 136.786732 seconds.
  path: Assets/Scripts/NodeGraph/Editor/RoomNodeGraphEditor.cs
  artifactKey: Guid(db7f872f12fac464a815aa113b445843) Importer(815301076,1909f56bfc062723c751e8b465ee728b)
Start importing Assets/Scripts/NodeGraph/Editor/RoomNodeGraphEditor.cs using Guid(db7f872f12fac464a815aa113b445843) Importer(815301076,1909f56bfc062723c751e8b465ee728b)  -> (artifact id: '5970905007bf1c07b78709c5c3c5f80c') in 0.002468 seconds 
========================================================================
Received Import Request.
  Time since last request: 675.172202 seconds.
  path: Assets/ScriptableObjectAssets/Dungeon/DungeonRoomNodeGraph/RoomNodeGraph.asset
  artifactKey: Guid(5769bafe134d7a845bc8abf553b4b34d) Importer(815301076,1909f56bfc062723c751e8b465ee728b)
Start importing Assets/ScriptableObjectAssets/Dungeon/DungeonRoomNodeGraph/RoomNodeGraph.asset using Guid(5769bafe134d7a845bc8abf553b4b34d) Importer(815301076,1909f56bfc062723c751e8b465ee728b)  -> (artifact id: '4504a7731e6cfc8301005598380f03fa') in 0.010523 seconds 
