Using pre-set license
Built from '2021.1/staging' branch; Version is '2021.1.7f1 (d91830b65d9b) revision 14227504'; Using compiler version '192528614'; Build Type 'Release'
OS: 'Windows 10 Pro for Workstations; OS build 19044.1706; Version 2009; 64bit' Language: 'pt' Physical Memory: 8139 MB
BatchMode: 1, IsHumanControllingUs: 0, StartBugReporterOnCrash: 0, Is64bit: 1, IsPro: 0

 COMMAND LINE ARGUMENTS:
D:\Unity\Unity\Hub\Editor\2021.1.7f1\Editor\Unity.exe
-adb2
-batchMode
-noUpm
-name
AssetImportWorker2
-projectPath
D:/GitHubProjects/eopiagrvai
-logFile
Logs/AssetImportWorker2.log
-srvPort
58149
Successfully changed project path to: D:/GitHubProjects/eopiagrvai
D:/GitHubProjects/eopiagrvai
Using Asset Import Pipeline V2.
Refreshing native plugins compatible for Editor in 144.91 ms, found 1 plugins.
Preloading 0 native plugins for Editor in 0.00 ms.
Initialize engine version: 2021.1.7f1 (d91830b65d9b)
[Subsystems] Discovering subsystems at path D:/Unity/Unity/Hub/Editor/2021.1.7f1/Editor/Data/Resources/UnitySubsystems
[Subsystems] Discovering subsystems at path D:/GitHubProjects/eopiagrvai/Assets
GfxDevice: creating device client; threaded=0; jobified=0
Direct3D:
    Version:  Direct3D 11.0 [level 11.1]
    Renderer: NVIDIA GeForce GTX 1060 6GB (ID=0x1c03)
    Vendor:   NVIDIA
    VRAM:     6052 MB
    Driver:   27.21.14.5671
Shader 'Universal Render Pipeline/Particles/Lit': fallback shader 'Universal Render Pipeline/Particles/SimpleLit' not found
Initialize mono
Mono path[0] = 'D:/Unity/Unity/Hub/Editor/2021.1.7f1/Editor/Data/Managed'
Mono path[1] = 'D:/Unity/Unity/Hub/Editor/2021.1.7f1/Editor/Data/MonoBleedingEdge/lib/mono/unityjit'
Mono config path = 'D:/Unity/Unity/Hub/Editor/2021.1.7f1/Editor/Data/MonoBleedingEdge/etc'
Using monoOptions --debugger-agent=transport=dt_socket,embedding=1,server=y,suspend=n,address=127.0.0.1:56164
Begin MonoManager ReloadAssembly
Registering precompiled unity dll's ...
Register platform support module: D:/Unity/Unity/Hub/Editor/2021.1.7f1/Editor/Data/PlaybackEngines/WindowsStandaloneSupport/UnityEditor.WindowsStandalone.Extensions.dll
Registered in 0.001377 seconds.
Native extension for WindowsStandalone target not found
Refreshing native plugins compatible for Editor in 125.46 ms, found 1 plugins.
Preloading 0 native plugins for Editor in 0.00 ms.
Mono: successfully reloaded assembly
- Completed reload, in  3.856 seconds
Platform modules already initialized, skipping
Registering precompiled user dll's ...
Registered in 0.004025 seconds.
Begin MonoManager ReloadAssembly
Symbol file LoadedFromMemory doesn't match image D:\GitHubProjects\eopiagrvai\Library\PackageCache\com.unity.visualscripting@1.6.1\Editor\VisualScripting.Core\Dependencies\YamlDotNet\Unity.VisualScripting.YamlDotNet.dll
Symbol file LoadedFromMemory doesn't match image D:\GitHubProjects\eopiagrvai\Library\PackageCache\com.unity.visualscripting@1.6.1\Editor\VisualScripting.Core\Dependencies\DotNetZip\Unity.VisualScripting.IonicZip.dll
Native extension for WindowsStandalone target not found
Refreshing native plugins compatible for Editor in 134.98 ms, found 1 plugins.
Preloading 0 native plugins for Editor in 0.00 ms.
Mono: successfully reloaded assembly
- Completed reload, in  1.703 seconds
Platform modules already initialized, skipping
========================================================================
Worker process is ready to serve import requests
Shader 'Universal Render Pipeline/Particles/Lit': fallback shader 'Universal Render Pipeline/Particles/SimpleLit' not found
Launched and connected shader compiler UnityShaderCompiler.exe after 0.11 seconds
Refreshing native plugins compatible for Editor in 0.82 ms, found 1 plugins.
Preloading 0 native plugins for Editor in 0.00 ms.
Unloading 3706 Unused Serialized files (Serialized files now loaded: 0)
System memory in use before: 147.9 MB.
System memory in use after: 148.1 MB.

Unloading 18 unused Assets to reduce memory usage. Loaded Objects now: 4159.
Total: 3.715800 ms (FindLiveObjects: 0.666400 ms CreateObjectMapping: 0.399600 ms MarkObjects: 2.554200 ms  DeleteObjects: 0.094000 ms)

========================================================================
Received Import Request.
  path: Assets/Rendering/UniversalRenderPipelineAsset.asset
  artifactKey: Guid(c02d1c3006645a5449f2cbbabefbdc7a) Importer(815301076,1909f56bfc062723c751e8b465ee728b)
Start importing Assets/Rendering/UniversalRenderPipelineAsset.asset using Guid(c02d1c3006645a5449f2cbbabefbdc7a) Importer(815301076,1909f56bfc062723c751e8b465ee728b)  -> (artifact id: '81c78eb0b9aac08a18ded3946df292af') in 0.067805 seconds 
========================================================================
Received Import Request.
  Time since last request: 0.000251 seconds.
  path: Assets/Rendering/UniversalRenderPipelineAsset_Renderer.asset
  artifactKey: Guid(a59ce474ef172234396e346af7d4b71b) Importer(815301076,1909f56bfc062723c751e8b465ee728b)
Start importing Assets/Rendering/UniversalRenderPipelineAsset_Renderer.asset using Guid(a59ce474ef172234396e346af7d4b71b) Importer(815301076,1909f56bfc062723c751e8b465ee728b)  -> (artifact id: 'e3a37bee830d2cfa414d1d84e2d0fd95') in 0.013595 seconds 
========================================================================
Received Prepare
Switching render pipeline 00000000000000000000000000000000 -> c02d1c3006645a5449f2cbbabefbdc7a
Shader 'Universal Render Pipeline/Particles/Lit': fallback shader 'Universal Render Pipeline/Particles/SimpleLit' not found
Refreshing native plugins compatible for Editor in 2.65 ms, found 1 plugins.
Preloading 0 native plugins for Editor in 0.00 ms.
Unloading 10 Unused Serialized files (Serialized files now loaded: 0)
System memory in use before: 70.2 MB.
System memory in use after: 70.4 MB.

Unloading 8 unused Assets to reduce memory usage. Loaded Objects now: 4161.
Total: 5.099400 ms (FindLiveObjects: 0.347700 ms CreateObjectMapping: 0.429700 ms MarkObjects: 4.064800 ms  DeleteObjects: 0.255200 ms)

========================================================================
Received Import Request.
  Time since last request: 168.538410 seconds.
  path: Assets/Rendering/UniversalRenderPipelineAsset_Renderer.asset
  artifactKey: Guid(a59ce474ef172234396e346af7d4b71b) Importer(815301076,1909f56bfc062723c751e8b465ee728b)
Start importing Assets/Rendering/UniversalRenderPipelineAsset_Renderer.asset using Guid(a59ce474ef172234396e346af7d4b71b) Importer(815301076,1909f56bfc062723c751e8b465ee728b)  -> (artifact id: 'd259c8c16eb52c8f466ffe99b4164822') in 0.006719 seconds 
========================================================================
Received Import Request.
  Time since last request: 0.000317 seconds.
  path: Assets/Rendering/UniversalRenderPipelineAsset.asset
  artifactKey: Guid(c02d1c3006645a5449f2cbbabefbdc7a) Importer(815301076,1909f56bfc062723c751e8b465ee728b)
Start importing Assets/Rendering/UniversalRenderPipelineAsset.asset using Guid(c02d1c3006645a5449f2cbbabefbdc7a) Importer(815301076,1909f56bfc062723c751e8b465ee728b)  -> (artifact id: 'a49b01a3c1d210533935197b649d3ad3') in 0.004665 seconds 
========================================================================
Received Prepare
Registering precompiled user dll's ...
Registered in 0.008752 seconds.
Begin MonoManager ReloadAssembly
Symbol file LoadedFromMemory doesn't match image D:\GitHubProjects\eopiagrvai\Library\PackageCache\com.unity.visualscripting@1.6.1\Editor\VisualScripting.Core\Dependencies\YamlDotNet\Unity.VisualScripting.YamlDotNet.dll
Symbol file LoadedFromMemory doesn't match image D:\GitHubProjects\eopiagrvai\Library\PackageCache\com.unity.visualscripting@1.6.1\Editor\VisualScripting.Core\Dependencies\DotNetZip\Unity.VisualScripting.IonicZip.dll
Native extension for WindowsStandalone target not found
Refreshing native plugins compatible for Editor in 1.15 ms, found 1 plugins.
Preloading 0 native plugins for Editor in 0.00 ms.
Mono: successfully reloaded assembly
- Completed reload, in  1.626 seconds
Platform modules already initialized, skipping
Shader 'Universal Render Pipeline/Particles/Lit': fallback shader 'Universal Render Pipeline/Particles/SimpleLit' not found
Refreshing native plugins compatible for Editor in 1.27 ms, found 1 plugins.
Preloading 0 native plugins for Editor in 0.00 ms.
Unloading 3695 Unused Serialized files (Serialized files now loaded: 0)
System memory in use before: 151.9 MB.
System memory in use after: 152.1 MB.

Unloading 12 unused Assets to reduce memory usage. Loaded Objects now: 4212.
Total: 3.449400 ms (FindLiveObjects: 0.305500 ms CreateObjectMapping: 0.224400 ms MarkObjects: 2.575600 ms  DeleteObjects: 0.342300 ms)

========================================================================
Received Import Request.
  Time since last request: 296.013752 seconds.
  path: Assets/CourseAssets/Layers/TagManager.preset
  artifactKey: Guid(557ff6b3392913d429119140890cf688) Importer(815301076,1909f56bfc062723c751e8b465ee728b)
Start importing Assets/CourseAssets/Layers/TagManager.preset using Guid(557ff6b3392913d429119140890cf688) Importer(815301076,1909f56bfc062723c751e8b465ee728b)  -> (artifact id: 'daf85e68b6169dffe48888621d4c54e1') in 0.036487 seconds 
========================================================================
Received Import Request.
  Time since last request: 44.469965 seconds.
  path: ProjectSettings/TagManager.asset
  artifactKey: Guid(00000000000000003000000000000000) Importer(815301076,1909f56bfc062723c751e8b465ee728b)
Start importing ProjectSettings/TagManager.asset using Guid(00000000000000003000000000000000) Importer(815301076,1909f56bfc062723c751e8b465ee728b)  -> (artifact id: '3125fdf03900152b3cdc402754f71d5c') in 0.006806 seconds 
========================================================================
Received Import Request.
  Time since last request: 57.608316 seconds.
  path: Assets/CourseAssets/Animation/Bosses/SkullFace
  artifactKey: Guid(151d86efc6d3e384c8843fe806172c4b) Importer(815301076,1909f56bfc062723c751e8b465ee728b)
Start importing Assets/CourseAssets/Animation/Bosses/SkullFace using Guid(151d86efc6d3e384c8843fe806172c4b) Importer(815301076,1909f56bfc062723c751e8b465ee728b)  -> (artifact id: '8b9a0ad51db693621c14b4021a110deb') in 0.011023 seconds 
========================================================================
Received Import Request.
  Time since last request: 0.662575 seconds.
  path: Assets/CourseAssets/Animation/Bosses/SlimeBlockKing
  artifactKey: Guid(a5aaaea72f1a0bf429e2cb4e4321bd20) Importer(815301076,1909f56bfc062723c751e8b465ee728b)
Start importing Assets/CourseAssets/Animation/Bosses/SlimeBlockKing using Guid(a5aaaea72f1a0bf429e2cb4e4321bd20) Importer(815301076,1909f56bfc062723c751e8b465ee728b)  -> (artifact id: '700dee40322de8592da9ca777f575b63') in 0.009430 seconds 
========================================================================
Received Import Request.
  Time since last request: 74.542034 seconds.
  path: Assets/CourseAssets/Animation/Bosses/SkullFace/SkullFace.controller
  artifactKey: Guid(2a6e05932cc7db243b3bb6296cff5612) Importer(815301076,1909f56bfc062723c751e8b465ee728b)
Start importing Assets/CourseAssets/Animation/Bosses/SkullFace/SkullFace.controller using Guid(2a6e05932cc7db243b3bb6296cff5612) Importer(815301076,1909f56bfc062723c751e8b465ee728b)  -> (artifact id: '477e537cfdd1ab3af30c39295df21945') in 0.034589 seconds 
========================================================================
Received Import Request.
  Time since last request: 41.623230 seconds.
  path: Assets/CourseAssets/Animation/Bosses/SkullFace/SkullFaceIdleDown.anim
  artifactKey: Guid(4cca1243d6d2cb64ea06f5ab5665abe3) Importer(815301076,1909f56bfc062723c751e8b465ee728b)
Start importing Assets/CourseAssets/Animation/Bosses/SkullFace/SkullFaceIdleDown.anim using Guid(4cca1243d6d2cb64ea06f5ab5665abe3) Importer(815301076,1909f56bfc062723c751e8b465ee728b)  -> (artifact id: '25c96a15ef11a69e854459da1a6ee52b') in 0.014458 seconds 
========================================================================
Received Import Request.
  Time since last request: 39.146467 seconds.
  path: Assets/CourseAssets/Animation/Bosses/SkullFace/SkullFaceMoveLeft.anim
  artifactKey: Guid(91adc58321851e546bc1993e8b0a48d3) Importer(815301076,1909f56bfc062723c751e8b465ee728b)
Start importing Assets/CourseAssets/Animation/Bosses/SkullFace/SkullFaceMoveLeft.anim using Guid(91adc58321851e546bc1993e8b0a48d3) Importer(815301076,1909f56bfc062723c751e8b465ee728b)  -> (artifact id: '942b8fc53748dbb41f99d06d24c0431f') in 0.023270 seconds 
========================================================================
Received Import Request.
  Time since last request: 64.867064 seconds.
  path: Assets/CourseAssets/Animation/Bosses
  artifactKey: Guid(6a06d0651dcee0541a6e5156b7682279) Importer(815301076,1909f56bfc062723c751e8b465ee728b)
Start importing Assets/CourseAssets/Animation/Bosses using Guid(6a06d0651dcee0541a6e5156b7682279) Importer(815301076,1909f56bfc062723c751e8b465ee728b)  -> (artifact id: '08fdbe01e53fa19ad7d2ebf0d4ed81bb') in 0.006868 seconds 
========================================================================
Received Import Request.
  Time since last request: 56.344553 seconds.
  path: Assets/CourseAssets/Fonts/dlxfont.asset
  artifactKey: Guid(dfe1ba23c638bec49a583843476bb5c9) Importer(815301076,1909f56bfc062723c751e8b465ee728b)
Start importing Assets/CourseAssets/Fonts/dlxfont.asset using Guid(dfe1ba23c638bec49a583843476bb5c9) Importer(815301076,1909f56bfc062723c751e8b465ee728b)  -> (artifact id: '0454a766483258e446c399067e013c90') in 0.874699 seconds 
AssetImportWorkerClient::OnTransportError - code=2 error=End of file
